<?xml version="1.0" encoding="utf-8"?><testsuites name="pytest tests"><testsuite name="pytest" errors="0" failures="0" skipped="0" tests="13" time="48.526" timestamp="2026-07-07T15:44:50.880746+00:00" hostname="agent-env-b931bbb0-64a9-4396-ab71-3b5754f1a3e2"><testcase classname="tests.backend_test" name="test_root" time="0.166" /><testcase classname="tests.backend_test" name="test_equipment_catalog" time="0.144" /><testcase classname="tests.backend_test" name="test_auth_google_invalid" time="0.322" /><testcase classname="tests.backend_test" name="test_auth_me_no_token" time="0.100" /><testcase classname="tests.backend_test" name="test_auth_me_with_token" time="0.142" /><testcase classname="tests.backend_test" name="test_profile_update" time="0.245" /><testcase classname="tests.backend_test" name="test_workout_generate" time="17.503" /><testcase classname="tests.backend_test" name="test_workout_get_plan" time="0.121" /><testcase classname="tests.backend_test" name="test_workout_log_create_and_list" time="0.291" /><testcase classname="tests.backend_test" name="test_weight_log" time="0.335" /><testcase classname="tests.backend_test" name="test_goal_progress" time="0.115" /><testcase classname="tests.backend_test" name="test_diet_generate" time="28.721" /><testcase classname="tests.backend_test" name="test_diet_current" time="0.188" /></testsuite></testsuites>